<?xml version="1.0" encoding="UTF-8"?>
<testng-results ignored="0" total="1" passed="1" failed="0" skipped="0">
  <reporter-output>
  </reporter-output>
  <suite started-at="2022-09-06T17:43:00 IST" name="Suite" finished-at="2022-09-06T17:43:44 IST" duration-ms="43760">
    <groups>
    </groups>
    <test started-at="2022-09-06T17:43:00 IST" name="Test" finished-at="2022-09-06T17:43:44 IST" duration-ms="43760">
      <class name="com.testcases.MoviePageTest">
        <test-method is-config="true" signature="setup()[pri:0, instance:com.testcases.MoviePageTest@49912c99]" started-at="2022-09-06T17:43:00 IST" name="setup" finished-at="2022-09-06T17:43:10 IST" duration-ms="10392" status="PASS">
          <reporter-output>
          </reporter-output>
        </test-method> <!-- setup -->
        <test-method signature="moviedetailsvalidate()[pri:1, instance:com.testcases.MoviePageTest@49912c99]" started-at="2022-09-06T17:43:10 IST" name="moviedetailsvalidate" finished-at="2022-09-06T17:43:42 IST" duration-ms="31464" status="PASS">
          <reporter-output>
          </reporter-output>
        </test-method> <!-- moviedetailsvalidate -->
        <test-method is-config="true" signature="closebrowser()[pri:0, instance:com.testcases.MoviePageTest@49912c99]" started-at="2022-09-06T17:43:42 IST" name="closebrowser" finished-at="2022-09-06T17:43:44 IST" duration-ms="1814" status="PASS">
          <reporter-output>
          </reporter-output>
        </test-method> <!-- closebrowser -->
      </class> <!-- com.testcases.MoviePageTest -->
    </test> <!-- Test -->
  </suite> <!-- Suite -->
</testng-results>
